<?xml version="1.0" encoding="UTF-8"?>
<testng-results ignored="0" total="3" passed="3" failed="0" skipped="0">
  <reporter-output>
  </reporter-output>
  <suite started-at="2025-07-15T23:47:38 IST" name="Default suite" finished-at="2025-07-15T23:48:00 IST" duration-ms="22023">
    <groups>
      <group name="cucumber">
        <method signature="AbstractTestNGCucumberTests.runScenario(io.cucumber.testng.PickleWrapper,io.cucumber.testng.FeatureWrapper)[pri:0, instance:Runner.RunnerClass@7a6d7e92]" name="runScenario" class="io.cucumber.testng.AbstractTestNGCucumberTests"/>
      </group> <!-- cucumber -->
    </groups>
    <test started-at="2025-07-15T23:47:38 IST" name="Default test" finished-at="2025-07-15T23:48:00 IST" duration-ms="22023">
      <class name="Runner.RunnerClass">
        <test-method is-config="true" signature="setUpClass(org.testng.ITestContext)[pri:0, instance:Runner.RunnerClass@7a6d7e92]" started-at="2025-07-15T23:47:38 IST" name="setUpClass" finished-at="2025-07-15T23:47:39 IST" duration-ms="935" status="PASS">
          <params>
            <param index="0">
              <value>
                <![CDATA[org.testng.TestRunner@61b838f2]]>
              </value>
            </param>
          </params>
          <reporter-output>
          </reporter-output>
        </test-method> <!-- setUpClass -->
        <test-method signature="runScenario(io.cucumber.testng.PickleWrapper,io.cucumber.testng.FeatureWrapper)[pri:0, instance:Runner.RunnerClass@7a6d7e92]" started-at="2025-07-15T23:47:39 IST" name="runScenario" description="Runs Cucumber Scenarios" data-provider="scenarios" finished-at="2025-07-15T23:47:46 IST" duration-ms="7020" status="PASS">
          <params>
            <param index="0">
              <value>
                <![CDATA["To validate the signup details"]]>
              </value>
            </param>
            <param index="1">
              <value>
                <![CDATA["signup feature"]]>
              </value>
            </param>
          </params>
          <reporter-output>
          </reporter-output>
        </test-method> <!-- runScenario -->
        <test-method signature="runScenario(io.cucumber.testng.PickleWrapper,io.cucumber.testng.FeatureWrapper)[pri:0, instance:Runner.RunnerClass@7a6d7e92]" started-at="2025-07-15T23:47:46 IST" name="runScenario" description="Runs Cucumber Scenarios" data-provider="scenarios" finished-at="2025-07-15T23:47:52 IST" duration-ms="6027" status="PASS">
          <params>
            <param index="0">
              <value>
                <![CDATA["To validate the signup details"]]>
              </value>
            </param>
            <param index="1">
              <value>
                <![CDATA["signup feature"]]>
              </value>
            </param>
          </params>
          <reporter-output>
          </reporter-output>
        </test-method> <!-- runScenario -->
        <test-method signature="runScenario(io.cucumber.testng.PickleWrapper,io.cucumber.testng.FeatureWrapper)[pri:0, instance:Runner.RunnerClass@7a6d7e92]" started-at="2025-07-15T23:47:52 IST" name="runScenario" description="Runs Cucumber Scenarios" data-provider="scenarios" finished-at="2025-07-15T23:48:00 IST" duration-ms="7456" status="PASS">
          <params>
            <param index="0">
              <value>
                <![CDATA["To validate the signup details"]]>
              </value>
            </param>
            <param index="1">
              <value>
                <![CDATA["signup feature"]]>
              </value>
            </param>
          </params>
          <reporter-output>
          </reporter-output>
        </test-method> <!-- runScenario -->
        <test-method is-config="true" signature="tearDownClass()[pri:0, instance:Runner.RunnerClass@7a6d7e92]" started-at="2025-07-15T23:48:00 IST" name="tearDownClass" finished-at="2025-07-15T23:48:00 IST" duration-ms="518" status="PASS">
          <reporter-output>
          </reporter-output>
        </test-method> <!-- tearDownClass -->
      </class> <!-- Runner.RunnerClass -->
    </test> <!-- Default test -->
  </suite> <!-- Default suite -->
</testng-results>
